生成启动时间为 2015/8/17 3:30:11。
     1>项目“C:\Developer\Qt4_VS2010\01\01\01.vcxproj”在节点 2 上(build 个目标)。
     1>PrepareForBuild:
         正在创建目录“C:\Developer\Qt4_VS2010\01\Win32\Debug\”。
       InitializeBuildStatus:
         正在创建“Debug\01.unsuccessfulbuild”，因为已指定“AlwaysCreate”。
       CustomBuild:
         Moc'ing myclass.h...
         Uic'ing myclass.ui...
         Rcc'ing myclass.qrc...
     1>RCC : warning : No resources in 'C:\Developer\Qt4_VS2010\01\01\myclass.qrc'.
         
       ClCompile:
         c:\Program Files (x86)\Microsoft Visual Studio 10.0\VC\bin\CL.exe /c /I.\GeneratedFiles /I. /I"C:\Qt\4.8.6-x86-msvc2010\include" /I.\GeneratedFiles\Debug /I"C:\Qt\4.8.6-x86-msvc2010\include\QtCore" /I"C:\Qt\4.8.6-x86-msvc2010\include\QtGui" /Zi /nologo /W1 /WX- /Od /Oy- /D UNICODE /D WIN32 /D QT_DLL /D QT_CORE_LIB /D QT_GUI_LIB /Gm- /EHsc /MDd /GS /fp:precise /Zc:wchar_t- /Zc:forScope /Fo"Debug\\" /Fd"Debug\vc100.pdb" /Gd /TP /analyze- /errorReport:prompt GeneratedFiles\Debug\moc_myclass.cpp main.cpp myclass.cpp
         moc_myclass.cpp
         main.cpp
         myclass.cpp
         正在生成代码...
         c:\Program Files (x86)\Microsoft Visual Studio 10.0\VC\bin\CL.exe /c /I.\GeneratedFiles /I. /I"C:\Qt\4.8.6-x86-msvc2010\include" /I.\GeneratedFiles\Debug /I"C:\Qt\4.8.6-x86-msvc2010\include\QtCore" /I"C:\Qt\4.8.6-x86-msvc2010\include\QtGui" /Zi /nologo /W1 /WX- /Od /Oy- /D UNICODE /D WIN32 /D QT_DLL /D QT_CORE_LIB /D QT_GUI_LIB /Gm- /EHsc /MDd /GS /fp:precise /Zc:wchar_t- /Zc:forScope /Fo"Debug\\" /Fd"Debug\vc100.pdb" /Gd /TP /analyze- /errorReport:prompt GeneratedFiles\qrc_myclass.cpp
         qrc_myclass.cpp
       Link:
         c:\Program Files (x86)\Microsoft Visual Studio 10.0\VC\bin\link.exe /ERRORREPORT:PROMPT /OUT:"C:\Developer\Qt4_VS2010\01\Win32\Debug\\01.exe" /NOLOGO /LIBPATH:"C:\Qt\4.8.6-x86-msvc2010\lib" qtmaind.lib QtCored4.lib QtGuid4.lib kernel32.lib user32.lib gdi32.lib winspool.lib comdlg32.lib advapi32.lib shell32.lib ole32.lib oleaut32.lib uuid.lib odbc32.lib odbccp32.lib /MANIFEST /ManifestFile:"Debug\01.exe.intermediate.manifest" /MANIFESTUAC:"level='asInvoker' uiAccess='false'" /DEBUG /PDB:"C:\Developer\Qt4_VS2010\01\Win32\Debug\01.pdb" /SUBSYSTEM:WINDOWS /TLBID:1 /DYNAMICBASE /NXCOMPAT /IMPLIB:"C:\Developer\Qt4_VS2010\01\Win32\Debug\01.lib" /MACHINE:X86 Debug\moc_myclass.obj
         Debug\qrc_myclass.obj
         Debug\main.obj
         Debug\myclass.obj
         01.vcxproj -> C:\Developer\Qt4_VS2010\01\Win32\Debug\01.exe
       Manifest:
         c:\Program Files (x86)\Microsoft SDKs\Windows\v7.0A\bin\mt.exe /nologo /verbose /outputresource:"C:\Developer\Qt4_VS2010\01\Win32\Debug\\01.exe;#1" /manifest Debug\01.exe.intermediate.manifest
       FinalizeBuildStatus:
         正在删除文件“Debug\01.unsuccessfulbuild”。
         正在对“Debug\01.lastbuildstate”执行 Touch 任务。
     1>已完成生成项目“C:\Developer\Qt4_VS2010\01\01\01.vcxproj”(build 个目标)的操作。

生成成功。

已用时间 00:00:05.37
